<?xml version="1.0" encoding="UTF-8"?>
<!-- Generated by org.testng.reporters.JUnitReportReporter -->
<testsuite hostname="Alawis-MBP.home" failures="0" tests="5" name="NewCompany.NewProject.TestCases" time="30.232" errors="0" timestamp="2022-12-30T21:26:03 EST" skipped="0">
  <testcase classname="NewCompany.NewProject.TestCases" name="test5" time="10.139"/>
  <system-out/>
  <testcase classname="NewCompany.NewProject.TestCases" name="test3" time="3.680"/>
  <system-out/>
  <testcase classname="NewCompany.NewProject.TestCases" name="test4" time="14.162"/>
  <system-out/>
  <testcase classname="NewCompany.NewProject.TestCases" name="test1" time="1.226"/>
  <system-out/>
  <testcase classname="NewCompany.NewProject.TestCases" name="test2" time="1.025"/>
  <system-out/>
</testsuite> <!-- NewCompany.NewProject.TestCases -->
